<?xml version="1.0" encoding="UTF-8"?>
<testng-results ignored="0" total="1" passed="1" failed="0" skipped="0">
  <reporter-output>
  </reporter-output>
  <suite started-at="2023-10-17T13:18:50 BDT" name="Default suite" finished-at="2023-10-17T13:19:05 BDT" duration-ms="14958">
    <groups>
    </groups>
    <test started-at="2023-10-17T13:18:50 BDT" name="Default test" finished-at="2023-10-17T13:19:05 BDT" duration-ms="14958">
      <class name="com.facebook.signUpTest.fbSignUp_Test">
        <test-method is-config="true" signature="openapp()[pri:0, instance:com.facebook.signUpTest.fbSignUp_Test@313ac989]" started-at="2023-10-17T13:18:50 BDT" name="openapp" finished-at="2023-10-17T13:18:59 BDT" duration-ms="8812" status="PASS">
          <reporter-output>
          </reporter-output>
        </test-method> <!-- openapp -->
        <test-method signature="ValidTest()[pri:0, instance:com.facebook.signUpTest.fbSignUp_Test@313ac989]" started-at="2023-10-17T13:18:59 BDT" name="ValidTest" finished-at="2023-10-17T13:19:05 BDT" duration-ms="6051" status="PASS">
          <reporter-output>
          </reporter-output>
        </test-method> <!-- ValidTest -->
      </class> <!-- com.facebook.signUpTest.fbSignUp_Test -->
    </test> <!-- Default test -->
  </suite> <!-- Default suite -->
</testng-results>
